2020-07-15 10:45:11,679 INFO o.a.j.u.JMeterUtils: Setting Locale to en_EN
2020-07-15 10:45:11,762 INFO o.a.j.JMeter: Loading user properties from: user.properties
2020-07-15 10:45:11,784 INFO o.a.j.JMeter: Loading system properties from: system.properties
2020-07-15 10:45:11,858 INFO o.a.j.JMeter: Copyright (c) 1998-2018 The Apache Software Foundation
2020-07-15 10:45:11,858 INFO o.a.j.JMeter: Version 4.0 r1823414
2020-07-15 10:45:11,859 INFO o.a.j.JMeter: java.version=1.8.0_251
2020-07-15 10:45:11,859 INFO o.a.j.JMeter: java.vm.name=Java HotSpot(TM) 64-Bit Server VM
2020-07-15 10:45:11,859 INFO o.a.j.JMeter: os.name=Windows 10
2020-07-15 10:45:11,859 INFO o.a.j.JMeter: os.arch=amd64
2020-07-15 10:45:11,859 INFO o.a.j.JMeter: os.version=10.0
2020-07-15 10:45:11,859 INFO o.a.j.JMeter: file.encoding=Cp1252
2020-07-15 10:45:11,860 INFO o.a.j.JMeter: Max memory     =1073741824
2020-07-15 10:45:11,860 INFO o.a.j.JMeter: Available Processors =4
2020-07-15 10:45:11,898 INFO o.a.j.JMeter: Default Locale=English (EN)
2020-07-15 10:45:11,899 INFO o.a.j.JMeter: JMeter  Locale=English (EN)
2020-07-15 10:45:11,899 INFO o.a.j.JMeter: JMeterHome=C:\Users\Micky\Desktop\Jmeter\apache-jmeter-4.0\apache-jmeter-4.0
2020-07-15 10:45:11,900 INFO o.a.j.JMeter: user.dir  =C:\Users\Micky\Desktop\Jmeter\apache-jmeter-4.0\apache-jmeter-4.0\bin
2020-07-15 10:45:11,901 INFO o.a.j.JMeter: PWD       =C:\Users\Micky\Desktop\Jmeter\apache-jmeter-4.0\apache-jmeter-4.0\bin
2020-07-15 10:45:11,969 INFO o.a.j.JMeter: IP: 192.168.1.102 Name: LAPTOP-UVMP10LC FullName: LAPTOP-UVMP10LC
2020-07-15 10:45:29,817 INFO o.a.j.g.a.LookAndFeelCommand: Installing Darcula LAF
2020-07-15 10:45:30,221 INFO o.a.j.g.a.LookAndFeelCommand: Using look and feel: com.bulenkov.darcula.DarculaLaf [Darcula]
2020-07-15 10:45:30,221 INFO o.a.j.JMeter: Setting LAF to: com.bulenkov.darcula.DarculaLaf
2020-07-15 10:45:31,606 INFO o.a.j.JMeter: Loaded icon properties from org/apache/jmeter/images/icon.properties
2020-07-15 10:45:37,792 INFO o.a.j.e.u.CompoundVariable: Note: Function class names must contain the string: '.functions.'
2020-07-15 10:45:37,792 INFO o.a.j.e.u.CompoundVariable: Note: Function class names must not contain the string: '.gui.'
2020-07-15 10:45:51,442 INFO o.a.j.p.h.s.HTTPSamplerBase: Parser for text/html is org.apache.jmeter.protocol.http.parser.LagartoBasedHtmlParser
2020-07-15 10:45:51,442 INFO o.a.j.p.h.s.HTTPSamplerBase: Parser for application/xhtml+xml is org.apache.jmeter.protocol.http.parser.LagartoBasedHtmlParser
2020-07-15 10:45:51,442 INFO o.a.j.p.h.s.HTTPSamplerBase: Parser for application/xml is org.apache.jmeter.protocol.http.parser.LagartoBasedHtmlParser
2020-07-15 10:45:51,442 INFO o.a.j.p.h.s.HTTPSamplerBase: Parser for text/xml is org.apache.jmeter.protocol.http.parser.LagartoBasedHtmlParser
2020-07-15 10:45:51,442 INFO o.a.j.p.h.s.HTTPSamplerBase: Parser for text/vnd.wap.wml is org.apache.jmeter.protocol.http.parser.RegexpHTMLParser
2020-07-15 10:45:51,442 INFO o.a.j.p.h.s.HTTPSamplerBase: Parser for text/css is org.apache.jmeter.protocol.http.parser.CssParser
2020-07-15 10:45:55,754 INFO o.j.r.JARSourceHTTP: Requesting https://jmeter-plugins.org/repo/?installID=windows_10-a3277fca3d570def4c4308761da64ab2-gui
2020-07-15 10:46:00,356 INFO o.a.j.e.KeyToolUtils: keytool found at 'keytool'
2020-07-15 10:46:00,356 INFO o.a.j.p.h.p.ProxyControl: HTTP(S) Test Script Recorder SSL Proxy will use keys that support embedded 3rd party resources in file C:\Users\Micky\Desktop\Jmeter\apache-jmeter-4.0\apache-jmeter-4.0\bin\proxyserver.jks
2020-07-15 10:46:01,152 INFO o.a.j.s.FileServer: Default base='C:\Users\Micky\Desktop\Jmeter\apache-jmeter-4.0\apache-jmeter-4.0\bin'
2020-07-15 10:46:11,512 INFO o.a.j.s.SampleResult: Note: Sample TimeStamps are START times
2020-07-15 10:46:11,512 INFO o.a.j.s.SampleResult: sampleresult.default.encoding is set to ISO-8859-1
2020-07-15 10:46:11,512 INFO o.a.j.s.SampleResult: sampleresult.useNanoTime=true
2020-07-15 10:46:11,512 INFO o.a.j.s.SampleResult: sampleresult.nanoThreadSleep=5000
2020-07-15 10:46:19,641 INFO o.j.r.PluginManager: Plugins Status: [jpgc-graphs-basic=2.0, jpgc-functions=2.1, jpgc-casutg=2.9, jpgc-dummy=0.4, jpgc-ffw=2.0, jpgc-fifo=0.2, jpgc-perfmon=2.1, jpgc-plugins-manager=1.4, jpgc-tst=2.5, jmeter-core=4.0, jmeter-ftp=4.0, jmeter-http=4.0, jmeter-jdbc=4.0, jmeter-jms=4.0, jmeter-junit=4.0, jmeter-java=4.0, jmeter-ldap=4.0, jmeter-mail=4.0, jmeter-mongodb=4.0, jmeter-native=4.0, jmeter-tcp=4.0, jmeter-components=4.0, jpgc-standard=2.0]
2020-07-15 12:29:03,897 INFO o.a.j.g.a.Load: Loading file: C:\Users\Micky\Desktop\Jmeter\apache-jmeter-4.0\apache-jmeter-4.0\bin\Zoodmall_POC_Staging.jmx
2020-07-15 12:29:03,996 INFO o.a.j.s.FileServer: Set new base='C:\Users\Micky\Desktop\Jmeter\apache-jmeter-4.0\apache-jmeter-4.0\bin'
2020-07-15 12:29:06,059 INFO o.a.j.s.SaveService: Testplan (JMX) version: 2.2. Testlog (JTL) version: 2.2
2020-07-15 12:29:06,271 INFO o.a.j.s.SaveService: Using SaveService properties file encoding UTF-8
2020-07-15 12:29:06,423 INFO o.a.j.s.SaveService: Using SaveService properties version 4.0
2020-07-15 12:29:06,473 INFO o.a.j.s.SaveService: Loading file: C:\Users\Micky\Desktop\Jmeter\apache-jmeter-4.0\apache-jmeter-4.0\bin\Zoodmall_POC_Staging.jmx
2020-07-15 12:29:14,503 INFO o.a.j.s.FileServer: Set new base='C:\Users\Micky\Desktop\Jmeter\apache-jmeter-4.0\apache-jmeter-4.0\bin'
2020-07-15 13:46:57,808 INFO o.a.j.e.StandardJMeterEngine: Running the test!
2020-07-15 13:46:58,484 INFO o.a.j.s.SampleEvent: List of sample_variables: []
2020-07-15 13:46:58,484 INFO o.a.j.s.SampleEvent: List of sample_variables: []
2020-07-15 13:47:02,568 INFO o.a.j.g.u.JMeterMenuBar: setRunning(true, *local*)
2020-07-15 13:47:11,042 INFO o.a.j.e.StandardJMeterEngine: Starting ThreadGroup: 1 : Account Section
2020-07-15 13:47:11,042 INFO o.a.j.e.StandardJMeterEngine: Starting 1 threads for group Account Section.
2020-07-15 13:47:11,042 INFO o.a.j.e.StandardJMeterEngine: Thread will continue on error
2020-07-15 13:47:11,043 INFO o.a.j.t.ThreadGroup: Starting thread group... number=1 threads=1 ramp-up=1 perThread=1000.0 delayedStart=false
2020-07-15 13:47:11,089 INFO o.a.j.t.ThreadGroup: Started thread group number 1
2020-07-15 13:47:11,089 INFO o.a.j.e.StandardJMeterEngine: Waiting for thread group: Account Section to finish before starting next group
2020-07-15 13:47:11,195 INFO o.a.j.t.JMeterThread: Thread started: Account Section 1-1
2020-07-15 13:47:11,641 INFO o.a.j.p.h.s.HTTPHCAbstractImpl: Local host = LAPTOP-UVMP10LC
2020-07-15 13:47:11,703 INFO o.a.j.p.h.s.HTTPHC4Impl: HTTP request retry count = 0
2020-07-15 13:47:32,384 INFO o.a.j.t.JMeterThread: Thread is done: Account Section 1-1
2020-07-15 13:47:32,384 INFO o.a.j.t.JMeterThread: Thread finished: Account Section 1-1
2020-07-15 13:47:32,384 INFO o.a.j.e.StandardJMeterEngine: Starting ThreadGroup: 2 : Home Section
2020-07-15 13:47:32,384 INFO o.a.j.e.StandardJMeterEngine: Starting 1 threads for group Home Section.
2020-07-15 13:47:32,384 INFO o.a.j.e.StandardJMeterEngine: Thread will continue on error
2020-07-15 13:47:32,384 INFO o.a.j.t.ThreadGroup: Starting thread group... number=2 threads=1 ramp-up=1 perThread=1000.0 delayedStart=false
2020-07-15 13:47:32,384 INFO o.a.j.t.ThreadGroup: Started thread group number 2
2020-07-15 13:47:32,384 INFO o.a.j.e.StandardJMeterEngine: Waiting for thread group: Home Section to finish before starting next group
2020-07-15 13:47:32,472 INFO o.a.j.t.JMeterThread: Thread started: Home Section 2-1
2020-07-15 13:47:47,471 INFO o.a.j.t.JMeterThread: Thread is done: Home Section 2-1
2020-07-15 13:47:47,471 INFO o.a.j.t.JMeterThread: Thread finished: Home Section 2-1
2020-07-15 13:47:47,471 INFO o.a.j.e.StandardJMeterEngine: Starting ThreadGroup: 3 : BrandZone
2020-07-15 13:47:47,473 INFO o.a.j.e.StandardJMeterEngine: Starting 1 threads for group BrandZone.
2020-07-15 13:47:47,473 INFO o.a.j.e.StandardJMeterEngine: Thread will continue on error
2020-07-15 13:47:47,473 INFO o.a.j.t.ThreadGroup: Starting thread group... number=3 threads=1 ramp-up=1 perThread=1000.0 delayedStart=false
2020-07-15 13:47:47,473 INFO o.a.j.t.ThreadGroup: Started thread group number 3
2020-07-15 13:47:47,473 INFO o.a.j.e.StandardJMeterEngine: Waiting for thread group: BrandZone to finish before starting next group
2020-07-15 13:47:47,553 INFO o.a.j.t.JMeterThread: Thread started: BrandZone 3-1
2020-07-15 13:47:54,264 INFO o.a.j.t.JMeterThread: Thread is done: BrandZone 3-1
2020-07-15 13:47:54,264 INFO o.a.j.t.JMeterThread: Thread finished: BrandZone 3-1
2020-07-15 13:47:54,264 INFO o.a.j.e.StandardJMeterEngine: Starting ThreadGroup: 4 : Offers
2020-07-15 13:47:54,264 INFO o.a.j.e.StandardJMeterEngine: Starting 1 threads for group Offers.
2020-07-15 13:47:54,264 INFO o.a.j.e.StandardJMeterEngine: Thread will continue on error
2020-07-15 13:47:54,264 INFO o.a.j.t.ThreadGroup: Starting thread group... number=4 threads=1 ramp-up=1 perThread=1000.0 delayedStart=false
2020-07-15 13:47:54,264 INFO o.a.j.t.ThreadGroup: Started thread group number 4
2020-07-15 13:47:54,264 INFO o.a.j.e.StandardJMeterEngine: Waiting for thread group: Offers to finish before starting next group
2020-07-15 13:47:54,365 INFO o.a.j.t.JMeterThread: Thread started: Offers 4-1
2020-07-15 13:47:57,953 INFO o.a.j.t.JMeterThread: Thread is done: Offers 4-1
2020-07-15 13:47:57,953 INFO o.a.j.t.JMeterThread: Thread finished: Offers 4-1
2020-07-15 13:47:57,953 INFO o.a.j.e.StandardJMeterEngine: Starting ThreadGroup: 5 : Local Sales
2020-07-15 13:47:57,955 INFO o.a.j.e.StandardJMeterEngine: Starting 1 threads for group Local Sales.
2020-07-15 13:47:57,955 INFO o.a.j.e.StandardJMeterEngine: Thread will continue on error
2020-07-15 13:47:57,955 INFO o.a.j.t.ThreadGroup: Starting thread group... number=5 threads=1 ramp-up=1 perThread=1000.0 delayedStart=false
2020-07-15 13:47:57,955 INFO o.a.j.t.ThreadGroup: Started thread group number 5
2020-07-15 13:47:57,955 INFO o.a.j.e.StandardJMeterEngine: Waiting for thread group: Local Sales to finish before starting next group
2020-07-15 13:47:58,035 INFO o.a.j.t.JMeterThread: Thread started: Local Sales 5-1
2020-07-15 13:48:04,318 INFO o.a.j.t.JMeterThread: Thread is done: Local Sales 5-1
2020-07-15 13:48:04,318 INFO o.a.j.t.JMeterThread: Thread finished: Local Sales 5-1
2020-07-15 13:48:04,320 INFO o.a.j.e.StandardJMeterEngine: Starting ThreadGroup: 6 : BGP
2020-07-15 13:48:04,320 INFO o.a.j.e.StandardJMeterEngine: Starting 1 threads for group BGP.
2020-07-15 13:48:04,320 INFO o.a.j.e.StandardJMeterEngine: Thread will continue on error
2020-07-15 13:48:04,320 INFO o.a.j.t.ThreadGroup: Starting thread group... number=6 threads=1 ramp-up=1 perThread=1000.0 delayedStart=false
2020-07-15 13:48:04,320 INFO o.a.j.t.ThreadGroup: Started thread group number 6
2020-07-15 13:48:04,320 INFO o.a.j.e.StandardJMeterEngine: Waiting for thread group: BGP to finish before starting next group
2020-07-15 13:48:04,415 INFO o.a.j.t.JMeterThread: Thread started: BGP 6-1
2020-07-15 13:48:09,299 INFO o.a.j.t.JMeterThread: Thread is done: BGP 6-1
2020-07-15 13:48:09,299 INFO o.a.j.t.JMeterThread: Thread finished: BGP 6-1
2020-07-15 13:48:09,300 INFO o.a.j.e.StandardJMeterEngine: Starting ThreadGroup: 7 : Catalogue Screen
2020-07-15 13:48:09,300 INFO o.a.j.e.StandardJMeterEngine: Starting 1 threads for group Catalogue Screen.
2020-07-15 13:48:09,300 INFO o.a.j.e.StandardJMeterEngine: Thread will continue on error
2020-07-15 13:48:09,300 INFO o.a.j.t.ThreadGroup: Starting thread group... number=7 threads=1 ramp-up=1 perThread=1000.0 delayedStart=false
2020-07-15 13:48:09,301 INFO o.a.j.t.ThreadGroup: Started thread group number 7
2020-07-15 13:48:09,301 INFO o.a.j.e.StandardJMeterEngine: Waiting for thread group: Catalogue Screen to finish before starting next group
2020-07-15 13:48:09,372 INFO o.a.j.t.JMeterThread: Thread started: Catalogue Screen 7-1
2020-07-15 13:48:11,313 INFO o.a.j.t.JMeterThread: Thread is done: Catalogue Screen 7-1
2020-07-15 13:48:11,313 INFO o.a.j.t.JMeterThread: Thread finished: Catalogue Screen 7-1
2020-07-15 13:48:11,314 INFO o.a.j.e.StandardJMeterEngine: Starting ThreadGroup: 8 : Product Listing
2020-07-15 13:48:11,314 INFO o.a.j.e.StandardJMeterEngine: Starting 1 threads for group Product Listing.
2020-07-15 13:48:11,314 INFO o.a.j.e.StandardJMeterEngine: Thread will continue on error
2020-07-15 13:48:11,314 INFO o.a.j.t.ThreadGroup: Starting thread group... number=8 threads=1 ramp-up=1 perThread=1000.0 delayedStart=false
2020-07-15 13:48:11,315 INFO o.a.j.t.ThreadGroup: Started thread group number 8
2020-07-15 13:48:11,315 INFO o.a.j.e.StandardJMeterEngine: Waiting for thread group: Product Listing to finish before starting next group
2020-07-15 13:48:11,383 INFO o.a.j.t.JMeterThread: Thread started: Product Listing 8-1
2020-07-15 13:48:18,966 INFO o.a.j.t.JMeterThread: Thread is done: Product Listing 8-1
2020-07-15 13:48:18,967 INFO o.a.j.t.JMeterThread: Thread finished: Product Listing 8-1
2020-07-15 13:48:18,967 INFO o.a.j.e.StandardJMeterEngine: Starting ThreadGroup: 9 : Product Detail Screen
2020-07-15 13:48:18,968 INFO o.a.j.e.StandardJMeterEngine: Starting 1 threads for group Product Detail Screen.
2020-07-15 13:48:18,968 INFO o.a.j.e.StandardJMeterEngine: Thread will continue on error
2020-07-15 13:48:18,968 INFO o.a.j.t.ThreadGroup: Starting thread group... number=9 threads=1 ramp-up=1 perThread=1000.0 delayedStart=false
2020-07-15 13:48:18,969 INFO o.a.j.t.ThreadGroup: Started thread group number 9
2020-07-15 13:48:18,969 INFO o.a.j.e.StandardJMeterEngine: Waiting for thread group: Product Detail Screen to finish before starting next group
2020-07-15 13:48:19,054 INFO o.a.j.t.JMeterThread: Thread started: Product Detail Screen 9-1
2020-07-15 13:48:35,613 INFO o.a.j.t.JMeterThread: Thread is done: Product Detail Screen 9-1
2020-07-15 13:48:35,613 INFO o.a.j.t.JMeterThread: Thread finished: Product Detail Screen 9-1
2020-07-15 13:48:35,615 INFO o.a.j.e.StandardJMeterEngine: Starting ThreadGroup: 10 : Cart Screen
2020-07-15 13:48:35,615 INFO o.a.j.e.StandardJMeterEngine: Starting 1 threads for group Cart Screen.
2020-07-15 13:48:35,615 INFO o.a.j.e.StandardJMeterEngine: Thread will continue on error
2020-07-15 13:48:35,615 INFO o.a.j.t.ThreadGroup: Starting thread group... number=10 threads=1 ramp-up=1 perThread=1000.0 delayedStart=false
2020-07-15 13:48:35,615 INFO o.a.j.t.ThreadGroup: Started thread group number 10
2020-07-15 13:48:35,615 INFO o.a.j.e.StandardJMeterEngine: Waiting for thread group: Cart Screen to finish before starting next group
2020-07-15 13:48:35,704 INFO o.a.j.t.JMeterThread: Thread started: Cart Screen 10-1
2020-07-15 13:48:40,537 INFO o.a.j.t.JMeterThread: Thread is done: Cart Screen 10-1
2020-07-15 13:48:40,537 INFO o.a.j.t.JMeterThread: Thread finished: Cart Screen 10-1
2020-07-15 13:48:40,537 INFO o.a.j.e.StandardJMeterEngine: Starting ThreadGroup: 11 : Order Confirmation Screen
2020-07-15 13:48:40,539 INFO o.a.j.e.StandardJMeterEngine: Starting 1 threads for group Order Confirmation Screen.
2020-07-15 13:48:40,539 INFO o.a.j.e.StandardJMeterEngine: Thread will continue on error
2020-07-15 13:48:40,539 INFO o.a.j.t.ThreadGroup: Starting thread group... number=11 threads=1 ramp-up=1 perThread=1000.0 delayedStart=false
2020-07-15 13:48:40,539 INFO o.a.j.t.ThreadGroup: Started thread group number 11
2020-07-15 13:48:40,539 INFO o.a.j.e.StandardJMeterEngine: Waiting for thread group: Order Confirmation Screen to finish before starting next group
2020-07-15 13:48:40,627 INFO o.a.j.t.JMeterThread: Thread started: Order Confirmation Screen 11-1
2020-07-15 13:48:48,911 INFO o.a.j.t.JMeterThread: Thread is done: Order Confirmation Screen 11-1
2020-07-15 13:48:48,911 INFO o.a.j.t.JMeterThread: Thread finished: Order Confirmation Screen 11-1
2020-07-15 13:48:48,911 INFO o.a.j.e.StandardJMeterEngine: Starting ThreadGroup: 12 : Payment Screen
2020-07-15 13:48:48,914 INFO o.a.j.e.StandardJMeterEngine: Starting 1 threads for group Payment Screen.
2020-07-15 13:48:48,914 INFO o.a.j.e.StandardJMeterEngine: Thread will continue on error
2020-07-15 13:48:48,914 INFO o.a.j.t.ThreadGroup: Starting thread group... number=12 threads=1 ramp-up=1 perThread=1000.0 delayedStart=false
2020-07-15 13:48:48,924 INFO o.a.j.t.ThreadGroup: Started thread group number 12
2020-07-15 13:48:48,924 INFO o.a.j.e.StandardJMeterEngine: Waiting for thread group: Payment Screen to finish before starting next group
2020-07-15 13:48:49,002 INFO o.a.j.t.JMeterThread: Thread started: Payment Screen 12-1
2020-07-15 13:48:57,631 INFO o.a.j.t.JMeterThread: Thread is done: Payment Screen 12-1
2020-07-15 13:48:57,631 INFO o.a.j.t.JMeterThread: Thread finished: Payment Screen 12-1
2020-07-15 13:48:57,631 INFO o.a.j.e.StandardJMeterEngine: Starting ThreadGroup: 13 : Order Creation Webpage
2020-07-15 13:48:57,631 INFO o.a.j.e.StandardJMeterEngine: Starting 1 threads for group Order Creation Webpage.
2020-07-15 13:48:57,631 INFO o.a.j.e.StandardJMeterEngine: Thread will continue on error
2020-07-15 13:48:57,631 INFO o.a.j.t.ThreadGroup: Starting thread group... number=13 threads=1 ramp-up=1 perThread=1000.0 delayedStart=false
2020-07-15 13:48:57,631 INFO o.a.j.t.ThreadGroup: Started thread group number 13
2020-07-15 13:48:57,631 INFO o.a.j.e.StandardJMeterEngine: Waiting for thread group: Order Creation Webpage to finish before starting next group
2020-07-15 13:48:57,741 INFO o.a.j.t.JMeterThread: Thread started: Order Creation Webpage 13-1
2020-07-15 13:48:59,980 INFO o.a.j.t.JMeterThread: Thread is done: Order Creation Webpage 13-1
2020-07-15 13:48:59,980 INFO o.a.j.t.JMeterThread: Thread finished: Order Creation Webpage 13-1
2020-07-15 13:48:59,980 INFO o.a.j.e.StandardJMeterEngine: Starting ThreadGroup: 14 : Order Screen
2020-07-15 13:48:59,982 INFO o.a.j.e.StandardJMeterEngine: Starting 1 threads for group Order Screen.
2020-07-15 13:48:59,982 INFO o.a.j.e.StandardJMeterEngine: Thread will continue on error
2020-07-15 13:48:59,982 INFO o.a.j.t.ThreadGroup: Starting thread group... number=14 threads=1 ramp-up=1 perThread=1000.0 delayedStart=false
2020-07-15 13:48:59,982 INFO o.a.j.t.ThreadGroup: Started thread group number 14
2020-07-15 13:48:59,982 INFO o.a.j.e.StandardJMeterEngine: All thread groups have been started
2020-07-15 13:49:00,062 INFO o.a.j.t.JMeterThread: Thread started: Order Screen 14-1
2020-07-15 13:49:10,923 INFO o.a.j.t.JMeterThread: Thread is done: Order Screen 14-1
2020-07-15 13:49:10,923 INFO o.a.j.t.JMeterThread: Thread finished: Order Screen 14-1
2020-07-15 13:49:10,923 INFO o.a.j.e.StandardJMeterEngine: Notifying test listeners of end of test
2020-07-15 13:49:10,925 INFO o.a.j.g.u.JMeterMenuBar: setRunning(false, *local*)
